<?xml version="1.0" encoding="UTF-8"?>
<!-- Generated by org.testng.reporters.JUnitXMLReporter -->
<testsuite hostname="LAPTOP-EIBBGPPA" ignored="0" name="Banking Test" tests="2" failures="0" timestamp="15 Sep 2021 17:06:29 GMT" time="26.664" errors="0">
  <testcase name="loginTest" time="5.834" classname="com.inetbanking.testCases.TC_LoginTest_001"/>
  <testcase name="addNewCustomer" time="12.653" classname="com.inetbanking.testCases.TC_AddCustomerTest_003"/>
</testsuite> <!-- Banking Test -->
