<?xml version="1.0" encoding="UTF-8"?>
<!-- Generated by org.testng.reporters.JUnitXMLReporter -->
<testsuite hostname="LAPTOP-EIBBGPPA" ignored="0" name="Banking Test" tests="2" failures="0" timestamp="14 Sep 2021 20:55:37 GMT" time="24.715" errors="0">
  <testcase name="loginTest" time="5.826" classname="com.inetbanking.testCases.TC_LoginTest_001"/>
  <testcase name="addNewCustomer" time="12.579" classname="com.inetbanking.testCases.TC_AddCustomerTest_003"/>
</testsuite> <!-- Banking Test -->
