<?xml version="1.0" encoding="UTF-8"?>
<testng-results skipped="0" failed="0" ignored="0" total="2" passed="2">
  <reporter-output>
  </reporter-output>
  <suite name="InetBankingV1" duration-ms="26664" started-at="2021-09-15T17:06:02Z" finished-at="2021-09-15T17:06:29Z">
    <groups>
    </groups>
    <test name="Banking Test" duration-ms="26664" started-at="2021-09-15T17:06:02Z" finished-at="2021-09-15T17:06:29Z">
      <class name="com.inetbanking.testCases.TC_LoginTest_001">
        <test-method status="PASS" signature="setUp(java.lang.String)[pri:0, instance:com.inetbanking.testCases.TC_LoginTest_001@53b32d7]" name="setUp" is-config="true" duration-ms="4735" started-at="2021-09-15T17:06:03Z" finished-at="2021-09-15T17:06:07Z">
          <params>
            <param index="0">
              <value>
                <![CDATA[chrome]]>
              </value>
            </param>
          </params>
          <reporter-output>
          </reporter-output>
        </test-method> <!-- setUp -->
        <test-method status="PASS" signature="loginTest()[pri:0, instance:com.inetbanking.testCases.TC_LoginTest_001@53b32d7]" name="loginTest" duration-ms="5834" started-at="2021-09-15T17:06:07Z" finished-at="2021-09-15T17:06:13Z">
          <reporter-output>
          </reporter-output>
        </test-method> <!-- loginTest -->
        <test-method status="PASS" signature="tearDown()[pri:0, instance:com.inetbanking.testCases.TC_LoginTest_001@53b32d7]" name="tearDown" is-config="true" duration-ms="659" started-at="2021-09-15T17:06:13Z" finished-at="2021-09-15T17:06:14Z">
          <reporter-output>
          </reporter-output>
        </test-method> <!-- tearDown -->
      </class> <!-- com.inetbanking.testCases.TC_LoginTest_001 -->
      <class name="com.inetbanking.testCases.TC_AddCustomerTest_003">
        <test-method status="PASS" signature="setUp(java.lang.String)[pri:0, instance:com.inetbanking.testCases.TC_AddCustomerTest_003@5442a311]" name="setUp" is-config="true" duration-ms="1922" started-at="2021-09-15T17:06:14Z" finished-at="2021-09-15T17:06:16Z">
          <params>
            <param index="0">
              <value>
                <![CDATA[chrome]]>
              </value>
            </param>
          </params>
          <reporter-output>
          </reporter-output>
        </test-method> <!-- setUp -->
        <test-method status="PASS" signature="addNewCustomer()[pri:0, instance:com.inetbanking.testCases.TC_AddCustomerTest_003@5442a311]" name="addNewCustomer" duration-ms="12653" started-at="2021-09-15T17:06:16Z" finished-at="2021-09-15T17:06:28Z">
          <reporter-output>
          </reporter-output>
        </test-method> <!-- addNewCustomer -->
        <test-method status="PASS" signature="tearDown()[pri:0, instance:com.inetbanking.testCases.TC_AddCustomerTest_003@5442a311]" name="tearDown" is-config="true" duration-ms="665" started-at="2021-09-15T17:06:28Z" finished-at="2021-09-15T17:06:29Z">
          <reporter-output>
          </reporter-output>
        </test-method> <!-- tearDown -->
      </class> <!-- com.inetbanking.testCases.TC_AddCustomerTest_003 -->
    </test> <!-- Banking Test -->
  </suite> <!-- InetBankingV1 -->
</testng-results>
