<?xml version="1.0" encoding="UTF-8"?>
<testng-results skipped="0" failed="0" ignored="0" total="2" passed="2">
  <reporter-output>
  </reporter-output>
  <suite name="InetBankingV1" duration-ms="24715" started-at="2021-09-14T20:55:12Z" finished-at="2021-09-14T20:55:37Z">
    <groups>
    </groups>
    <test name="Banking Test" duration-ms="24715" started-at="2021-09-14T20:55:12Z" finished-at="2021-09-14T20:55:37Z">
      <class name="com.inetbanking.testCases.TC_LoginTest_001">
        <test-method status="PASS" signature="setUp(java.lang.String)[pri:0, instance:com.inetbanking.testCases.TC_LoginTest_001@53b32d7]" name="setUp" is-config="true" duration-ms="3040" started-at="2021-09-14T20:55:13Z" finished-at="2021-09-14T20:55:16Z">
          <params>
            <param index="0">
              <value>
                <![CDATA[chrome]]>
              </value>
            </param>
          </params>
          <reporter-output>
          </reporter-output>
        </test-method> <!-- setUp -->
        <test-method status="PASS" signature="loginTest()[pri:0, instance:com.inetbanking.testCases.TC_LoginTest_001@53b32d7]" name="loginTest" duration-ms="5826" started-at="2021-09-14T20:55:16Z" finished-at="2021-09-14T20:55:21Z">
          <reporter-output>
          </reporter-output>
        </test-method> <!-- loginTest -->
        <test-method status="PASS" signature="tearDown()[pri:0, instance:com.inetbanking.testCases.TC_LoginTest_001@53b32d7]" name="tearDown" is-config="true" duration-ms="590" started-at="2021-09-14T20:55:21Z" finished-at="2021-09-14T20:55:22Z">
          <reporter-output>
          </reporter-output>
        </test-method> <!-- tearDown -->
      </class> <!-- com.inetbanking.testCases.TC_LoginTest_001 -->
      <class name="com.inetbanking.testCases.TC_AddCustomerTest_003">
        <test-method status="PASS" signature="setUp(java.lang.String)[pri:0, instance:com.inetbanking.testCases.TC_AddCustomerTest_003@5442a311]" name="setUp" is-config="true" duration-ms="1928" started-at="2021-09-14T20:55:22Z" finished-at="2021-09-14T20:55:24Z">
          <params>
            <param index="0">
              <value>
                <![CDATA[chrome]]>
              </value>
            </param>
          </params>
          <reporter-output>
          </reporter-output>
        </test-method> <!-- setUp -->
        <test-method status="PASS" signature="addNewCustomer()[pri:0, instance:com.inetbanking.testCases.TC_AddCustomerTest_003@5442a311]" name="addNewCustomer" duration-ms="12579" started-at="2021-09-14T20:55:24Z" finished-at="2021-09-14T20:55:36Z">
          <reporter-output>
          </reporter-output>
        </test-method> <!-- addNewCustomer -->
        <test-method status="PASS" signature="tearDown()[pri:0, instance:com.inetbanking.testCases.TC_AddCustomerTest_003@5442a311]" name="tearDown" is-config="true" duration-ms="609" started-at="2021-09-14T20:55:36Z" finished-at="2021-09-14T20:55:37Z">
          <reporter-output>
          </reporter-output>
        </test-method> <!-- tearDown -->
      </class> <!-- com.inetbanking.testCases.TC_AddCustomerTest_003 -->
    </test> <!-- Banking Test -->
  </suite> <!-- InetBankingV1 -->
</testng-results>
